<?xml version="1.0" encoding="UTF-8"?>
<!-- Generated by org.testng.reporters.JUnitReportReporter -->
<testsuite hostname="DESKTOP-SBTNFQP" failures="0" tests="1" name="seleniumjenkins.Seleniumtest1" time="10.581" errors="0" timestamp="2023-10-12T14:07:55 IST" skipped="0">
  <testcase classname="seleniumjenkins.Seleniumtest1" name="method1" time="10.581"/>
  <system-out/>
</testsuite> <!-- seleniumjenkins.Seleniumtest1 -->
